-------------------------------------------------------------------------------
Test set: TestSuite
-------------------------------------------------------------------------------
Tests run: 9, Failures: 6, Errors: 0, Skipped: 0, Time elapsed: 70.602 s <<< FAILURE! - in TestSuite
TestSteps.TestCase1.SearchResult  Time elapsed: 5.483 s  <<< FAILURE!
org.openqa.selenium.NoSuchElementException: 
no such element: Unable to locate element: {"method":"xpath","selector":"//h2[@class='product-name']/a"}
  (Session info: chrome=78.0.3904.87)
For documentation on this error, please visit: http://seleniumhq.org/exceptions/no_such_element.html
Build info: version: '3.14.0', revision: 'aacccce0', time: '2018-08-02T20:19:58.91Z'
System info: host: 'PF19GKQ2', ip: '172.30.202.33', os.name: 'Windows 10', os.arch: 'amd64', os.version: '10.0', java.version: '1.8.0_91'
Driver info: org.openqa.selenium.chrome.ChromeDriver
Capabilities {acceptInsecureCerts: false, browserName: chrome, browserVersion: 78.0.3904.87, chrome: {chromedriverVersion: 78.0.3904.70 (edb9c9f3de024..., userDataDir: C:\Users\mmn7455\AppData\Lo...}, goog:chromeOptions: {debuggerAddress: localhost:58524}, javascriptEnabled: true, networkConnectionEnabled: false, pageLoadStrategy: normal, platform: XP, platformName: XP, proxy: Proxy(), setWindowRect: true, strictFileInteractability: false, timeouts: {implicit: 0, pageLoad: 300000, script: 30000}, unhandledPromptBehavior: dismiss and notify}
Session ID: bd2c2255e48f250f3fe21d36c89998fc
*** Element info: {Using=xpath, value=//h2[@class='product-name']/a}
	at TestSteps.TestCase1.SearchResult(TestCase1.java:58)

TestSteps.TestCase1.SearchResult  Time elapsed: 5.981 s  <<< FAILURE!
java.lang.AssertionError: expected [฿129.00] but found [$8]
	at TestSteps.TestCase1.SearchResult(TestCase1.java:61)

TestSteps.TestCase1.SearchResult  Time elapsed: 5.97 s  <<< FAILURE!
java.lang.AssertionError: expected [฿79.00] but found [$5]
	at TestSteps.TestCase1.SearchResult(TestCase1.java:61)

TestSteps.TestCase1.SearchResult  Time elapsed: 5.484 s  <<< FAILURE!
org.openqa.selenium.NoSuchElementException: 
no such element: Unable to locate element: {"method":"xpath","selector":"//h2[@class='product-name']/a"}
  (Session info: chrome=78.0.3904.87)
For documentation on this error, please visit: http://seleniumhq.org/exceptions/no_such_element.html
Build info: version: '3.14.0', revision: 'aacccce0', time: '2018-08-02T20:19:58.91Z'
System info: host: 'PF19GKQ2', ip: '172.30.202.33', os.name: 'Windows 10', os.arch: 'amd64', os.version: '10.0', java.version: '1.8.0_91'
Driver info: org.openqa.selenium.chrome.ChromeDriver
Capabilities {acceptInsecureCerts: false, browserName: chrome, browserVersion: 78.0.3904.87, chrome: {chromedriverVersion: 78.0.3904.70 (edb9c9f3de024..., userDataDir: C:\Users\mmn7455\AppData\Lo...}, goog:chromeOptions: {debuggerAddress: localhost:58524}, javascriptEnabled: true, networkConnectionEnabled: false, pageLoadStrategy: normal, platform: XP, platformName: XP, proxy: Proxy(), setWindowRect: true, strictFileInteractability: false, timeouts: {implicit: 0, pageLoad: 300000, script: 30000}, unhandledPromptBehavior: dismiss and notify}
Session ID: bd2c2255e48f250f3fe21d36c89998fc
*** Element info: {Using=xpath, value=//h2[@class='product-name']/a}
	at TestSteps.TestCase1.SearchResult(TestCase1.java:58)

TestSteps.TestCase1.SearchResult  Time elapsed: 5.726 s  <<< FAILURE!
org.openqa.selenium.NoSuchElementException: 
no such element: Unable to locate element: {"method":"xpath","selector":"//h2[@class='product-name']/a"}
  (Session info: chrome=78.0.3904.87)
For documentation on this error, please visit: http://seleniumhq.org/exceptions/no_such_element.html
Build info: version: '3.14.0', revision: 'aacccce0', time: '2018-08-02T20:19:58.91Z'
System info: host: 'PF19GKQ2', ip: '172.30.202.33', os.name: 'Windows 10', os.arch: 'amd64', os.version: '10.0', java.version: '1.8.0_91'
Driver info: org.openqa.selenium.chrome.ChromeDriver
Capabilities {acceptInsecureCerts: false, browserName: chrome, browserVersion: 78.0.3904.87, chrome: {chromedriverVersion: 78.0.3904.70 (edb9c9f3de024..., userDataDir: C:\Users\mmn7455\AppData\Lo...}, goog:chromeOptions: {debuggerAddress: localhost:58524}, javascriptEnabled: true, networkConnectionEnabled: false, pageLoadStrategy: normal, platform: XP, platformName: XP, proxy: Proxy(), setWindowRect: true, strictFileInteractability: false, timeouts: {implicit: 0, pageLoad: 300000, script: 30000}, unhandledPromptBehavior: dismiss and notify}
Session ID: bd2c2255e48f250f3fe21d36c89998fc
*** Element info: {Using=xpath, value=//h2[@class='product-name']/a}
	at TestSteps.TestCase1.SearchResult(TestCase1.java:58)

TestSteps.TestCase1.SearchResult  Time elapsed: 5.386 s  <<< FAILURE!
org.openqa.selenium.NoSuchElementException: 
no such element: Unable to locate element: {"method":"xpath","selector":"//h2[@class='product-name']/a"}
  (Session info: chrome=78.0.3904.87)
For documentation on this error, please visit: http://seleniumhq.org/exceptions/no_such_element.html
Build info: version: '3.14.0', revision: 'aacccce0', time: '2018-08-02T20:19:58.91Z'
System info: host: 'PF19GKQ2', ip: '172.30.202.33', os.name: 'Windows 10', os.arch: 'amd64', os.version: '10.0', java.version: '1.8.0_91'
Driver info: org.openqa.selenium.chrome.ChromeDriver
Capabilities {acceptInsecureCerts: false, browserName: chrome, browserVersion: 78.0.3904.87, chrome: {chromedriverVersion: 78.0.3904.70 (edb9c9f3de024..., userDataDir: C:\Users\mmn7455\AppData\Lo...}, goog:chromeOptions: {debuggerAddress: localhost:58524}, javascriptEnabled: true, networkConnectionEnabled: false, pageLoadStrategy: normal, platform: XP, platformName: XP, proxy: Proxy(), setWindowRect: true, strictFileInteractability: false, timeouts: {implicit: 0, pageLoad: 300000, script: 30000}, unhandledPromptBehavior: dismiss and notify}
Session ID: bd2c2255e48f250f3fe21d36c89998fc
*** Element info: {Using=xpath, value=//h2[@class='product-name']/a}
	at TestSteps.TestCase1.SearchResult(TestCase1.java:58)

